<?xml version="1.0" encoding="UTF-8"?>
<Site BuildName="(empty)"
	BuildStamp="20240617-0959-Experimental"
	Name="achsei"
	Generator="ctest-3.16.3"
	CompilerName="/usr/bin/c++"
	CompilerVersion="9.4.0"
	OSName="Linux"
	Hostname="achsei"
	OSRelease="5.15.0-107-generic"
	OSVersion="#117~20.04.1-Ubuntu SMP Tue Apr 30 10:35:57 UTC 2024"
	OSPlatform="x86_64"
	Is64Bits="1"
	VendorString="AuthenticAMD"
	VendorID="Advanced Micro Devices"
	FamilyID="25"
	ModelID="80"
	ProcessorCacheSize="512"
	NumberOfLogicalCPU="16"
	NumberOfPhysicalCPU="8"
	TotalVirtualMemory="2047"
	TotalPhysicalMemory="27880"
	LogicalProcessorsPerPhysical="2"
	ProcessorClockFrequency="1600"
	>
	<Testing>
		<StartDateTime>Jun 17 11:59 CEST</StartDateTime>
		<StartTestTime>1718618394</StartTestTime>
		<TestList/>
		<EndDateTime>Jun 17 11:59 CEST</EndDateTime>
		<EndTestTime>1718618394</EndTestTime>
		<ElapsedMinutes>0</ElapsedMinutes>
	</Testing>
</Site>
