<?xml version="1.0" encoding="UTF-8"?>
<Site BuildName="(empty)"
	BuildStamp="20240919-1440-Experimental"
	Name="achsei"
	Generator="ctest-3.16.3"
	CompilerName="/usr/bin/c++"
	CompilerVersion="9.4.0"
	OSName="Linux"
	Hostname="achsei"
	OSRelease="5.15.0-119-generic"
	OSVersion="#129~20.04.1-Ubuntu SMP Wed Aug 7 13:07:13 UTC 2024"
	OSPlatform="x86_64"
	Is64Bits="1"
	VendorString="AuthenticAMD"
	VendorID="Advanced Micro Devices"
	FamilyID="25"
	ModelID="80"
	ProcessorCacheSize="512"
	NumberOfLogicalCPU="16"
	NumberOfPhysicalCPU="8"
	TotalVirtualMemory="2047"
	TotalPhysicalMemory="27880"
	LogicalProcessorsPerPhysical="2"
	ProcessorClockFrequency="2245.93"
	>
	<Testing>
		<StartDateTime>Sep 19 16:40 CEST</StartDateTime>
		<StartTestTime>1726756854</StartTestTime>
		<TestList/>
		<EndDateTime>Sep 19 16:40 CEST</EndDateTime>
		<EndTestTime>1726756854</EndTestTime>
		<ElapsedMinutes>0</ElapsedMinutes>
	</Testing>
</Site>
